#
# There is insufficient memory for the Java Runtime Environment to continue.
# Native memory allocation (malloc) failed to allocate 121296 bytes for Chunk::new
# Possible reasons:
#   The system is out of physical RAM or swap space
#   In 32 bit mode, the process size limit was hit
# Possible solutions:
#   Reduce memory load on the system
#   Increase physical memory or swap space
#   Check if swap backing store is full
#   Use 64 bit Java on a 64 bit OS
#   Decrease Java heap size (-Xmx/-Xms)
#   Decrease number of Java threads
#   Decrease Java thread stack sizes (-Xss)
#   Set larger code cache with -XX:ReservedCodeCacheSize=
# This output file may be truncated or incomplete.
#
#  Out of Memory Error (allocation.cpp:390), pid=1308, tid=0x0000000000006898
#
# JRE version: Java(TM) SE Runtime Environment (8.0_191-b12) (build 1.8.0_191-b12)
# Java VM: Java HotSpot(TM) 64-Bit Server VM (25.191-b12 mixed mode windows-amd64 compressed oops)
# Failed to write core dump. Minidumps are not enabled by default on client versions of Windows
#

---------------  T H R E A D  ---------------

Current thread (0x000000001798f000):  JavaThread "C2 CompilerThread1" daemon [_thread_in_native, id=26776, stack(0x0000000019100000,0x0000000019200000)]

Stack: [0x0000000019100000,0x0000000019200000]
[error occurred during error reporting (printing stack bounds), id 0xc0000005]

Native frames: (J=compiled Java code, j=interpreted, Vv=VM code, C=native code)


Current CompileTask:
C2:   1322  891       4       jdk.internal.org.objectweb.asm.ClassWriter::newUTF8 (70 bytes)


---------------  P R O C E S S  ---------------

Java Threads: ( => current thread )
  0x00000000196da800 JavaThread "AWT-Windows" daemon [_thread_in_native, id=27440, stack(0x0000000021990000,0x0000000021a90000)]
  0x0000000020d7c000 JavaThread "AWT-Shutdown" [_thread_blocked, id=22988, stack(0x0000000021890000,0x0000000021990000)]
  0x0000000020d7b800 JavaThread "Java2D Disposer" daemon [_thread_blocked, id=23712, stack(0x0000000021790000,0x0000000021890000)]
  0x00000000196d3800 JavaThread "Thread-3" daemon [_thread_in_native, id=7300, stack(0x0000000021450000,0x0000000021550000)]
  0x000000001967a800 JavaThread "JavaFX-Launcher" [_thread_blocked, id=24548, stack(0x0000000021550000,0x0000000021650000)]
  0x0000000019670000 JavaThread "JavaFX Application Thread" [_thread_in_vm, id=19628, stack(0x0000000019f80000,0x000000001a080000)]
  0x0000000019653000 JavaThread "Thread-1" daemon [_thread_blocked, id=11460, stack(0x0000000019e80000,0x0000000019f80000)]
  0x0000000019641800 JavaThread "QuantumRenderer-0" daemon [_thread_blocked, id=27332, stack(0x0000000019b80000,0x0000000019c80000)]
  0x0000000019330800 JavaThread "Service Thread" daemon [_thread_blocked, id=27524, stack(0x0000000019700000,0x0000000019800000)]
  0x000000001799f800 JavaThread "C1 CompilerThread2" daemon [_thread_blocked, id=7352, stack(0x0000000019200000,0x0000000019300000)]
=>0x000000001798f000 JavaThread "C2 CompilerThread1" daemon [_thread_in_native, id=26776, stack(0x0000000019100000,0x0000000019200000)]
  0x000000001798c000 JavaThread "C2 CompilerThread0" daemon [_thread_in_native, id=12076, stack(0x0000000019000000,0x0000000019100000)]
  0x000000001798a800 JavaThread "Attach Listener" daemon [_thread_blocked, id=26204, stack(0x0000000018f00000,0x0000000019000000)]
  0x0000000017996800 JavaThread "Signal Dispatcher" daemon [_thread_blocked, id=20312, stack(0x0000000018e00000,0x0000000018f00000)]
  0x000000001797a800 JavaThread "Finalizer" daemon [_thread_blocked, id=15860, stack(0x0000000018bf0000,0x0000000018cf0000)]
  0x0000000002e61000 JavaThread "Reference Handler" daemon [_thread_blocked, id=13016, stack(0x0000000018af0000,0x0000000018bf0000)]
  0x0000000002d72800 JavaThread "main" [_thread_blocked, id=19116, stack(0x0000000002c70000,0x0000000002d70000)]

Other Threads:
  0x0000000017957800 VMThread [stack: 0x00000000189f0000,0x0000000018af0000] [id=12564]
  0x00000000179ed000 WatcherThread [stack: 0x0000000019800000,0x0000000019900000] [id=23532]

VM state:not at safepoint (normal execution)

VM Mutex/Monitor currently owned by a thread: None

Heap:
 PSYoungGen      total 37888K, used 25499K [0x00000000d6000000, 0x00000000d8a00000, 0x0000000100000000)
  eden space 32768K, 77% used [0x00000000d6000000,0x00000000d78e6d88,0x00000000d8000000)
  from space 5120K, 0% used [0x00000000d8500000,0x00000000d8500000,0x00000000d8a00000)
  to   space 5120K, 0% used [0x00000000d8000000,0x00000000d8000000,0x00000000d8500000)
 ParOldGen       total 86016K, used 0K [0x0000000082000000, 0x0000000087400000, 0x00000000d6000000)
  object space 86016K, 0% used [0x0000000082000000,0x0000000082000000,0x0000000087400000)
 Metaspace       used 13835K, capacity 14244K, committed 14592K, reserved 1062912K
  class space    used 1825K, capacity 1958K, committed 2048K, reserved 1048576K

Card table byte_map: [0x0000000012230000,0x0000000012630000] byte_map_base: 0x0000000011e20000

Marking Bits: (ParMarkBitMap*) 0x00000000707c3e30
 Begin Bits: [0x0000000012cd0000, 0x0000000014c50000)
 End Bits:   [0x0000000014c50000, 0x0000000016bd0000)

Polling page: 0x0000000002c30000

CodeCache: size=245760Kb used=3361Kb max_used=3361Kb free=242398Kb
 bounds [0x0000000002e70000, 0x00000000031c0000, 0x0000000011e70000]
 total_blobs=1469 nmethods=893 adapters=489
 compilation: enabled

Compilation events (10 events):
Event: 1.277 Thread 0x000000001798c000 nmethod 875 0x00000000031b02d0 code [0x00000000031b04e0, 0x00000000031b13d0]
Event: 1.277 Thread 0x000000001798c000  883   !   4       sun.misc.URLClassPath$JarLoader::getResource (85 bytes)
Event: 1.278 Thread 0x000000001798f000 nmethod 879 0x00000000031b1f10 code [0x00000000031b2120, 0x00000000031b2ff0]
Event: 1.297 Thread 0x000000001799f800  890       3       java.lang.invoke.DirectMethodHandle::preparedLambdaForm (230 bytes)
Event: 1.298 Thread 0x000000001799f800 nmethod 890 0x00000000031ad4d0 code [0x00000000031ad740, 0x00000000031ae798]
Event: 1.304 Thread 0x000000001798f000  891       4       jdk.internal.org.objectweb.asm.ClassWriter::newUTF8 (70 bytes)
Event: 1.304 Thread 0x000000001799f800  892       3       sun.invoke.util.BytecodeDescriptor::unparse (18 bytes)
Event: 1.305 Thread 0x000000001799f800 nmethod 892 0x00000000031b4610 code [0x00000000031b47a0, 0x00000000031b4c98]
Event: 1.305 Thread 0x000000001799f800  893       3       java.util.regex.Pattern::has (15 bytes)
Event: 1.305 Thread 0x000000001799f800 nmethod 893 0x00000000031b4ed0 code [0x00000000031b5020, 0x00000000031b51d0]

GC Heap History (0 events):
No events

Deoptimization events (6 events):
Event: 0.595 Thread 0x0000000019670000 Uncommon trap: reason=unstable_if action=reinterpret pc=0x000000000302940c method=java.lang.String.replace(CC)Ljava/lang/String; @ 26
Event: 0.632 Thread 0x0000000019670000 Uncommon trap: reason=unstable_if action=reinterpret pc=0x0000000003043e28 method=java.lang.String.startsWith(Ljava/lang/String;I)Z @ 25
Event: 0.813 Thread 0x0000000019670000 Uncommon trap: reason=unstable_if action=reinterpret pc=0x000000000305dff0 method=java.lang.String.indexOf([CII[CIII)I @ 134
Event: 1.045 Thread 0x0000000019670000 Uncommon trap: reason=unstable_if action=reinterpret pc=0x00000000030f493c method=java.util.HashMap.getNode(ILjava/lang/Object;)Ljava/util/HashMap$Node; @ 84
Event: 1.045 Thread 0x0000000019670000 Uncommon trap: reason=unstable_if action=reinterpret pc=0x00000000030f9094 method=java.util.HashMap.getNode(ILjava/lang/Object;)Ljava/util/HashMap$Node; @ 84
Event: 1.203 Thread 0x0000000019670000 Uncommon trap: reason=unstable_if action=reinterpret pc=0x000000000315a394 method=java.util.HashMap.hash(Ljava/lang/Object;)I @ 1

Classes redefined (0 events):
No events

Internal exceptions (10 events):
Event: 0.240 Thread 0x0000000002d72800 Exception <a 'java/security/PrivilegedActionException'> (0x00000000d62b8198) thrown at [C:\re\workspace\8-2-build-windows-amd64-cygwin\jdk8u191\11896\hotspot\src\share\vm\prims\jvm.cpp, line 1435]
Event: 0.240 Thread 0x0000000002d72800 Exception <a 'java/security/PrivilegedActionException'> (0x00000000d62b83a8) thrown at [C:\re\workspace\8-2-build-windows-amd64-cygwin\jdk8u191\11896\hotspot\src\share\vm\prims\jvm.cpp, line 1435]
Event: 0.240 Thread 0x0000000002d72800 Exception <a 'java/lang/NullPointerException'> (0x00000000d62b8980) thrown at [C:\re\workspace\8-2-build-windows-amd64-cygwin\jdk8u191\11896\hotspot\src\share\vm\interpreter\linkResolver.cpp, line 1185]
Event: 0.685 Thread 0x0000000019670000 Exception <a 'java/io/FileNotFoundException'> (0x00000000d6bfbae8) thrown at [C:\re\workspace\8-2-build-windows-amd64-cygwin\jdk8u191\11896\hotspot\src\share\vm\prims\jni.cpp, line 709]
Event: 0.751 Thread 0x0000000019670000 Exception <a 'java/lang/NullPointerException'> (0x00000000d6df3590) thrown at [C:\re\workspace\8-2-build-windows-amd64-cygwin\jdk8u191\11896\hotspot\src\share\vm\interpreter\linkResolver.cpp, line 1185]
Event: 0.751 Thread 0x0000000019670000 Exception <a 'java/lang/NullPointerException'> (0x00000000d6df3590) thrown at [C:\re\workspace\8-2-build-windows-amd64-cygwin\jdk8u191\11896\hotspot\src\share\vm\prims\jvm.cpp, line 1439]
Event: 1.106 Thread 0x0000000019670000 Exception <a 'java/lang/ArrayIndexOutOfBoundsException'> (0x00000000d7372978) thrown at [C:\re\workspace\8-2-build-windows-amd64-cygwin\jdk8u191\11896\hotspot\src\share\vm\runtime\sharedRuntime.cpp, line 605]
Event: 1.106 Thread 0x0000000019670000 Exception <a 'java/lang/ArrayIndexOutOfBoundsException'> (0x00000000d7373678) thrown at [C:\re\workspace\8-2-build-windows-amd64-cygwin\jdk8u191\11896\hotspot\src\share\vm\runtime\sharedRuntime.cpp, line 605]
Event: 1.107 Thread 0x0000000019670000 Exception <a 'java/lang/ArrayIndexOutOfBoundsException'> (0x00000000d7374a20) thrown at [C:\re\workspace\8-2-build-windows-amd64-cygwin\jdk8u191\11896\hotspot\src\share\vm\runtime\sharedRuntime.cpp, line 605]
Event: 1.203 Thread 0x0000000019670000 Implicit null exception at 0x000000000315a175 to 0x000000000315a385

Events (10 events):
Event: 1.306 loading class com/sun/javafx/tk/quantum/GestureRecognizer
Event: 1.306 loading class com/sun/javafx/tk/quantum/GestureRecognizer done
Event: 1.306 loading class com/sun/javafx/tk/quantum/GlassTouchEventListener
Event: 1.306 loading class com/sun/javafx/tk/quantum/GlassTouchEventListener done
Event: 1.308 loading class com/sun/javafx/tk/quantum/GlassViewEventHandler$KeyEventNotification
Event: 1.308 loading class com/sun/javafx/tk/quantum/GlassViewEventHandler$KeyEventNotification done
Event: 1.308 loading class com/sun/javafx/tk/quantum/GlassViewEventHandler$MouseEventNotification
Event: 1.308 loading class com/sun/javafx/tk/quantum/GlassViewEventHandler$MouseEventNotification done
Event: 1.308 loading class com/sun/javafx/tk/quantum/GlassViewEventHandler$ViewEventNotification
Event: 1.308 loading class com/sun/javafx/tk/quantum/GlassViewEventHandler$ViewEventNotification done


Dynamic libraries:
0x00007ff6bf5b0000 - 0x00007ff6bf5e7000 	C:\Program Files\Java\jre1.8.0_191\bin\javaw.exe
0x00007ffcddd00000 - 0x00007ffcddef0000 	C:\WINDOWS\SYSTEM32\ntdll.dll
0x00007ffcdc3d0000 - 0x00007ffcdc482000 	C:\WINDOWS\System32\KERNEL32.DLL
0x00007ffcdb960000 - 0x00007ffcdbc05000 	C:\WINDOWS\System32\KERNELBASE.dll
0x00007ffcdbe90000 - 0x00007ffcdbf33000 	C:\WINDOWS\System32\ADVAPI32.dll
0x00007ffcdcea0000 - 0x00007ffcdcf3e000 	C:\WINDOWS\System32\msvcrt.dll
0x00007ffcddc20000 - 0x00007ffcddcb7000 	C:\WINDOWS\System32\sechost.dll
0x00007ffcdc0d0000 - 0x00007ffcdc1ef000 	C:\WINDOWS\System32\RPCRT4.dll
0x00007ffcdda80000 - 0x00007ffcddc14000 	C:\WINDOWS\System32\USER32.dll
0x00007ffcdb7f0000 - 0x00007ffcdb811000 	C:\WINDOWS\System32\win32u.dll
0x00007ffcdc5e0000 - 0x00007ffcdc606000 	C:\WINDOWS\System32\GDI32.dll
0x00007ffcdbc10000 - 0x00007ffcdbda8000 	C:\WINDOWS\System32\gdi32full.dll
0x00007ffcdac80000 - 0x00007ffcdad1e000 	C:\WINDOWS\System32\msvcp_win.dll
0x00007ffcdb6f0000 - 0x00007ffcdb7ea000 	C:\WINDOWS\System32\ucrtbase.dll
0x00007ffcca240000 - 0x00007ffcca4c4000 	C:\WINDOWS\WinSxS\amd64_microsoft.windows.common-controls_6595b64144ccf1df_6.0.18362.1316_none_9e7a364fe461dbd7\COMCTL32.dll
0x00007ffcdd270000 - 0x00007ffcdd5a7000 	C:\WINDOWS\System32\combase.dll
0x00007ffcdb8d0000 - 0x00007ffcdb951000 	C:\WINDOWS\System32\bcryptPrimitives.dll
0x00007ffcdbde0000 - 0x00007ffcdbe0e000 	C:\WINDOWS\System32\IMM32.DLL
0x0000000070850000 - 0x0000000070922000 	C:\Program Files\Java\jre1.8.0_191\bin\msvcr100.dll
0x000000006ffa0000 - 0x0000000070844000 	C:\Program Files\Java\jre1.8.0_191\bin\server\jvm.dll
0x00007ffcdbdb0000 - 0x00007ffcdbdb8000 	C:\WINDOWS\System32\PSAPI.DLL
0x00007ffcd8670000 - 0x00007ffcd8694000 	C:\WINDOWS\SYSTEM32\WINMM.dll
0x00007ffcca5b0000 - 0x00007ffcca5ba000 	C:\WINDOWS\SYSTEM32\VERSION.dll
0x00007ffcd8550000 - 0x00007ffcd857d000 	C:\WINDOWS\SYSTEM32\WINMMBASE.dll
0x00007ffcc71d0000 - 0x00007ffcc71d9000 	C:\WINDOWS\SYSTEM32\WSOCK32.dll
0x00007ffcdad70000 - 0x00007ffcdadba000 	C:\WINDOWS\System32\cfgmgr32.dll
0x00007ffcdc200000 - 0x00007ffcdc26f000 	C:\WINDOWS\System32\WS2_32.dll
0x0000000072010000 - 0x000000007201f000 	C:\Program Files\Java\jre1.8.0_191\bin\verify.dll
0x0000000071fe0000 - 0x0000000072009000 	C:\Program Files\Java\jre1.8.0_191\bin\java.dll
0x0000000071fc0000 - 0x0000000071fd6000 	C:\Program Files\Java\jre1.8.0_191\bin\zip.dll
0x00007ffcdc610000 - 0x00007ffcdccf8000 	C:\WINDOWS\System32\SHELL32.dll
0x00007ffcdd1c0000 - 0x00007ffcdd267000 	C:\WINDOWS\System32\shcore.dll
0x00007ffcdaf10000 - 0x00007ffcdb68b000 	C:\WINDOWS\System32\windows.storage.dll
0x00007ffcdac50000 - 0x00007ffcdac73000 	C:\WINDOWS\System32\profapi.dll
0x00007ffcdac00000 - 0x00007ffcdac4a000 	C:\WINDOWS\System32\powrprof.dll
0x00007ffcdabb0000 - 0x00007ffcdabc0000 	C:\WINDOWS\System32\UMPDC.dll
0x00007ffcdd5b0000 - 0x00007ffcdd602000 	C:\WINDOWS\System32\shlwapi.dll
0x00007ffcdabc0000 - 0x00007ffcdabd1000 	C:\WINDOWS\System32\kernel.appcore.dll
0x00007ffcdad20000 - 0x00007ffcdad37000 	C:\WINDOWS\System32\cryptsp.dll
0x0000000019900000 - 0x0000000019903000 	C:\Program Files\Java\jre1.8.0_191\bin\api-ms-win-core-console-l1-1-0.dll
0x0000000019910000 - 0x0000000019913000 	C:\Program Files\Java\jre1.8.0_191\bin\api-ms-win-core-datetime-l1-1-0.dll
0x0000000019920000 - 0x0000000019923000 	C:\Program Files\Java\jre1.8.0_191\bin\api-ms-win-core-debug-l1-1-0.dll
0x0000000019930000 - 0x0000000019933000 	C:\Program Files\Java\jre1.8.0_191\bin\api-ms-win-core-errorhandling-l1-1-0.dll
0x0000000019940000 - 0x0000000019944000 	C:\Program Files\Java\jre1.8.0_191\bin\api-ms-win-core-file-l1-1-0.dll
0x0000000019950000 - 0x0000000019953000 	C:\Program Files\Java\jre1.8.0_191\bin\api-ms-win-core-file-l1-2-0.dll
0x0000000019960000 - 0x0000000019963000 	C:\Program Files\Java\jre1.8.0_191\bin\api-ms-win-core-file-l2-1-0.dll
0x0000000019970000 - 0x0000000019973000 	C:\Program Files\Java\jre1.8.0_191\bin\api-ms-win-core-handle-l1-1-0.dll
0x0000000019980000 - 0x0000000019983000 	C:\Program Files\Java\jre1.8.0_191\bin\api-ms-win-core-heap-l1-1-0.dll
0x0000000019990000 - 0x0000000019993000 	C:\Program Files\Java\jre1.8.0_191\bin\api-ms-win-core-interlocked-l1-1-0.dll
0x00000000199a0000 - 0x00000000199a3000 	C:\Program Files\Java\jre1.8.0_191\bin\api-ms-win-core-libraryloader-l1-1-0.dll
0x00000000199b0000 - 0x00000000199b3000 	C:\Program Files\Java\jre1.8.0_191\bin\api-ms-win-core-localization-l1-2-0.dll
0x00000000199c0000 - 0x00000000199c3000 	C:\Program Files\Java\jre1.8.0_191\bin\api-ms-win-core-memory-l1-1-0.dll
0x00000000199d0000 - 0x00000000199d3000 	C:\Program Files\Java\jre1.8.0_191\bin\api-ms-win-core-namedpipe-l1-1-0.dll
0x00000000199e0000 - 0x00000000199e3000 	C:\Program Files\Java\jre1.8.0_191\bin\api-ms-win-core-processenvironment-l1-1-0.dll
0x00000000199f0000 - 0x00000000199f3000 	C:\Program Files\Java\jre1.8.0_191\bin\api-ms-win-core-processthreads-l1-1-0.dll
0x0000000019a00000 - 0x0000000019a03000 	C:\Program Files\Java\jre1.8.0_191\bin\api-ms-win-core-processthreads-l1-1-1.dll
0x0000000019a10000 - 0x0000000019a13000 	C:\Program Files\Java\jre1.8.0_191\bin\api-ms-win-core-profile-l1-1-0.dll
0x0000000019a20000 - 0x0000000019a23000 	C:\Program Files\Java\jre1.8.0_191\bin\api-ms-win-core-rtlsupport-l1-1-0.dll
0x0000000019a30000 - 0x0000000019a33000 	C:\Program Files\Java\jre1.8.0_191\bin\api-ms-win-core-string-l1-1-0.dll
0x0000000019a40000 - 0x0000000019a43000 	C:\Program Files\Java\jre1.8.0_191\bin\api-ms-win-core-synch-l1-1-0.dll
0x0000000019a50000 - 0x0000000019a53000 	C:\Program Files\Java\jre1.8.0_191\bin\api-ms-win-core-synch-l1-2-0.dll
0x0000000019a60000 - 0x0000000019a63000 	C:\Program Files\Java\jre1.8.0_191\bin\api-ms-win-core-sysinfo-l1-1-0.dll
0x0000000019a70000 - 0x0000000019a73000 	C:\Program Files\Java\jre1.8.0_191\bin\api-ms-win-core-timezone-l1-1-0.dll
0x0000000019a80000 - 0x0000000019a83000 	C:\Program Files\Java\jre1.8.0_191\bin\api-ms-win-core-util-l1-1-0.dll
0x0000000019a90000 - 0x0000000019a93000 	C:\Program Files\Java\jre1.8.0_191\bin\api-ms-win-crt-conio-l1-1-0.dll
0x0000000019aa0000 - 0x0000000019aa4000 	C:\Program Files\Java\jre1.8.0_191\bin\api-ms-win-crt-convert-l1-1-0.dll
0x0000000019ab0000 - 0x0000000019ab3000 	C:\Program Files\Java\jre1.8.0_191\bin\api-ms-win-crt-environment-l1-1-0.dll
0x0000000019ac0000 - 0x0000000019ac3000 	C:\Program Files\Java\jre1.8.0_191\bin\api-ms-win-crt-filesystem-l1-1-0.dll
0x0000000019ad0000 - 0x0000000019ad3000 	C:\Program Files\Java\jre1.8.0_191\bin\api-ms-win-crt-heap-l1-1-0.dll
0x0000000019ae0000 - 0x0000000019ae3000 	C:\Program Files\Java\jre1.8.0_191\bin\api-ms-win-crt-locale-l1-1-0.dll
0x0000000019af0000 - 0x0000000019af5000 	C:\Program Files\Java\jre1.8.0_191\bin\api-ms-win-crt-math-l1-1-0.dll
0x0000000019b00000 - 0x0000000019b05000 	C:\Program Files\Java\jre1.8.0_191\bin\api-ms-win-crt-multibyte-l1-1-0.dll
0x0000000019b10000 - 0x0000000019b20000 	C:\Program Files\Java\jre1.8.0_191\bin\api-ms-win-crt-private-l1-1-0.dll
0x0000000019b20000 - 0x0000000019b23000 	C:\Program Files\Java\jre1.8.0_191\bin\api-ms-win-crt-process-l1-1-0.dll
0x0000000019b30000 - 0x0000000019b34000 	C:\Program Files\Java\jre1.8.0_191\bin\api-ms-win-crt-runtime-l1-1-0.dll
0x0000000019b40000 - 0x0000000019b44000 	C:\Program Files\Java\jre1.8.0_191\bin\api-ms-win-crt-stdio-l1-1-0.dll
0x0000000019b50000 - 0x0000000019b54000 	C:\Program Files\Java\jre1.8.0_191\bin\api-ms-win-crt-string-l1-1-0.dll
0x0000000019b60000 - 0x0000000019b63000 	C:\Program Files\Java\jre1.8.0_191\bin\api-ms-win-crt-time-l1-1-0.dll
0x0000000019b70000 - 0x0000000019b73000 	C:\Program Files\Java\jre1.8.0_191\bin\api-ms-win-crt-utility-l1-1-0.dll
0x00007ffcb00e0000 - 0x00007ffcb01d6000 	C:\Program Files\Java\jre1.8.0_191\bin\ucrtbase.dll
0x00007ffcc9bb0000 - 0x00007ffcc9bc6000 	C:\Program Files\Java\jre1.8.0_191\bin\vcruntime140.dll
0x00007ffcb5690000 - 0x00007ffcb572c000 	C:\Program Files\Java\jre1.8.0_191\bin\msvcp140.dll
0x00007ffcc8ff0000 - 0x00007ffcc9041000 	C:\Program Files\Java\jre1.8.0_191\bin\concrt140.dll
0x00000000713e0000 - 0x0000000071403000 	C:\Program Files\Java\jre1.8.0_191\bin\prism_d3d.dll
0x00007ffcaa280000 - 0x00007ffcaa447000 	C:\WINDOWS\system32\d3d9.dll
0x00007ffcd8f70000 - 0x00007ffcd8f9d000 	C:\WINDOWS\SYSTEM32\dwmapi.dll
0x00007ffcd9860000 - 0x00007ffcd9880000 	C:\WINDOWS\SYSTEM32\dxcore.dll
0x00007ffcd8b50000 - 0x00007ffcd8be9000 	C:\WINDOWS\system32\uxtheme.dll
0x00007ffca3f20000 - 0x00007ffca40f7000 	C:\WINDOWS\System32\DriverStore\FileRepository\k127153.inf_amd64_3f3936d8dec668b8\igdumdim64.dll
0x00007ffc72410000 - 0x00007ffc7540d000 	C:\WINDOWS\System32\DriverStore\FileRepository\k127153.inf_amd64_3f3936d8dec668b8\igd9dxva64.dll
0x00007ffcdc270000 - 0x00007ffcdc3c7000 	C:\WINDOWS\System32\ole32.dll
0x00007ffcdcf40000 - 0x00007ffcdd005000 	C:\WINDOWS\System32\OLEAUT32.dll
0x000000006ff50000 - 0x000000006ff99000 	C:\Program Files\Java\jre1.8.0_191\bin\glass.dll
0x00007ffcdbf50000 - 0x00007ffcdc020000 	C:\WINDOWS\System32\COMDLG32.dll
0x00007ffcdcd00000 - 0x00007ffcdce35000 	C:\WINDOWS\System32\MSCTF.dll
0x00007ffcce9a0000 - 0x00007ffcd0735000 	C:\WINDOWS\System32\DriverStore\FileRepository\k127153.inf_amd64_3f3936d8dec668b8\igc64.dll
0x000000006fd90000 - 0x000000006ff29000 	C:\Program Files\Java\jre1.8.0_191\bin\awt.dll
0x00007ffcd8970000 - 0x00007ffcd89ff000 	C:\WINDOWS\SYSTEM32\apphelp.dll
0x000000006ff30000 - 0x000000006ff44000 	C:\Program Files\Java\jre1.8.0_191\bin\javafx_font.dll
0x00007ffccbf20000 - 0x00007ffccc21e000 	C:\WINDOWS\SYSTEM32\dwrite.dll
0x00007ffcdc020000 - 0x00007ffcdc0c2000 	C:\WINDOWS\System32\clbcatq.dll
0x00007ffcd55b0000 - 0x00007ffcd575f000 	C:\WINDOWS\SYSTEM32\WindowsCodecs.dll
0x00007ffcaf050000 - 0x00007ffcaf08b000 	C:\WINDOWS\system32\dataexchange.dll
0x00007ffcd7860000 - 0x00007ffcd7abb000 	C:\WINDOWS\system32\d3d11.dll
0x00007ffcd7f20000 - 0x00007ffcd80fd000 	C:\WINDOWS\system32\dcomp.dll
0x00007ffcd9880000 - 0x00007ffcd996b000 	C:\WINDOWS\system32\dxgi.dll
0x00007ffcd8c20000 - 0x00007ffcd8e7a000 	C:\WINDOWS\system32\twinapi.appcore.dll
0x00007ffcd9130000 - 0x00007ffcd9159000 	C:\WINDOWS\system32\RMCLIENT.dll
0x00007ffcc90a0000 - 0x00007ffcc90d3000 	C:\Program Files\Common Files\Microsoft Shared\Ink\rtscom.dll

VM Arguments:
jvm_args: -Dfile.encoding=Cp1252 
java_command: application.Main
java_class_path (initial): C:\Users\kanee\Desktop\git\2311-Group-12\2311-Group-12\2311-Group-12\bin;C:\Users\kanee\Downloads\openjfx-15.0.1_windows-x64_bin-sdk\javafx-sdk-15.0.1\lib\javafx.base.jar;C:\Users\kanee\Downloads\openjfx-15.0.1_windows-x64_bin-sdk\javafx-sdk-15.0.1\lib\javafx.controls.jar;C:\Users\kanee\Downloads\openjfx-15.0.1_windows-x64_bin-sdk\javafx-sdk-15.0.1\lib\javafx.fxml.jar;C:\Users\kanee\Downloads\openjfx-15.0.1_windows-x64_bin-sdk\javafx-sdk-15.0.1\lib\javafx.graphics.jar;C:\Users\kanee\Downloads\openjfx-15.0.1_windows-x64_bin-sdk\javafx-sdk-15.0.1\lib\javafx.media.jar;C:\Users\kanee\Downloads\openjfx-15.0.1_windows-x64_bin-sdk\javafx-sdk-15.0.1\lib\javafx.swing.jar;C:\Users\kanee\Downloads\openjfx-15.0.1_windows-x64_bin-sdk\javafx-sdk-15.0.1\lib\javafx.web.jar;C:\Users\kanee\Downloads\openjfx-15.0.1_windows-x64_bin-sdk\javafx-sdk-15.0.1\lib\javafx-swt.jar
Launcher Type: SUN_STANDARD

Environment Variables:
JAVA_HOME=C:\Program Files\Java\jdk1.8.0_191
PATH=C:/Program Files/Java/jre1.8.0_251/bin/server;C:/Program Files/Java/jre1.8.0_251/bin;C:/Program Files/Java/jre1.8.0_251/lib/amd64;C:\Program Files (x86)\Common Files\Oracle\Java\javapath;C:\Program Files (x86)\Intel\Intel(R) Management Engine Components\iCLS\;C:\Program Files\Intel\Intel(R) Management Engine Components\iCLS\;C:\WINDOWS\system32;C:\WINDOWS;C:\WINDOWS\System32\Wbem;C:\WINDOWS\System32\WindowsPowerShell\v1.0\;C:\WINDOWS\System32\OpenSSH\;C:\Program Files (x86)\Intel\Intel(R) Management Engine Components\DAL;C:\Program Files\Intel\Intel(R) Management Engine Components\DAL;C:\Program Files (x86)\Intel\Intel(R) Management Engine Components\IPT;C:\Program Files\Intel\Intel(R) Management Engine Components\IPT;C:\Program Files\PuTTY\;C:\Program Files\Microsoft VS Code\bin;C:\Program Files\Java\jdk1.8.0_191\bin;C:\Users\kanee\anaconda3;C:\Users\kanee\anaconda3\Library\mingw-w64\bin;C:\Users\kanee\anaconda3\Library\usr\bin;C:\Users\kanee\anaconda3\Library\bin;C:\Users\kanee\anaconda3\Scripts;C:\Users\kanee\AppData\Local\Microsoft\WindowsApps;C:\Users\kanee\AppData\Local\GitHubDesktop\bin;C:\Users\kanee\AppData\Local\Microsoft\WindowsApps;C:\ProgramData\iverilog\bin;C:\ProgramData\iverilog\gtkwave\bin;C:\Users\kanee\PyCharm Community Edition 2020.1\bin;;C:\intelFPGA\20.1\modelsim_ase\win32aloem;C:\intelFPGA_lite\20.1\modelsim_ase\win32aloem;C:\WINDOWS\system32;
USERNAME=kanee
OS=Windows_NT
PROCESSOR_IDENTIFIER=Intel64 Family 6 Model 142 Stepping 9, GenuineIntel



---------------  S Y S T E M  ---------------

OS: Windows 10.0 , 64 bit Build 18362 (10.0.18362.1316)

CPU:total 4 (initial active 4) (2 cores per cpu, 2 threads per core) family 6 model 142 stepping 9, cmov, cx8, fxsr, mmx, sse, sse2, sse3, ssse3, sse4.1, sse4.2, popcnt, avx, avx2, aes, clmul, erms, 3dnowpref, lzcnt, ht, tsc, tscinvbit, bmi1, bmi2, adx

Memory: 4k page, physical 8251108k(1325756k free), swap 28992052k(5180k free)

vm_info: Java HotSpot(TM) 64-Bit Server VM (25.191-b12) for windows-amd64 JRE (1.8.0_191-b12), built on Oct  6 2018 09:29:03 by "java_re" with MS VC++ 10.0 (VS2010)

time: Mon Feb 08 16:24:55 2021
elapsed time: 1 seconds (0d 0h 0m 1s)

